f:\5.study(강좌)\03.제어공학-고경철\제어공학[13-1] pid제어 모델vs실험\ucmc_educationkit_v2.0-vs2022\debug\ucmc_educationkit.pch
f:\5.study(강좌)\03.제어공학-고경철\제어공학[13-1] pid제어 모델vs실험\ucmc_educationkit_v2.0-vs2022\debug\vc143.pdb
f:\5.study(강좌)\03.제어공학-고경철\제어공학[13-1] pid제어 모델vs실험\ucmc_educationkit_v2.0-vs2022\debug\vc143.idb
f:\5.study(강좌)\03.제어공학-고경철\제어공학[13-1] pid제어 모델vs실험\ucmc_educationkit_v2.0-vs2022\debug\stdafx.sbr
f:\5.study(강좌)\03.제어공학-고경철\제어공학[13-1] pid제어 모델vs실험\ucmc_educationkit_v2.0-vs2022\debug\stdafx.obj
f:\5.study(강좌)\03.제어공학-고경철\제어공학[13-1] pid제어 모델vs실험\ucmc_educationkit_v2.0-vs2022\debug\ucmc_educationkitdlg.sbr
f:\5.study(강좌)\03.제어공학-고경철\제어공학[13-1] pid제어 모델vs실험\ucmc_educationkit_v2.0-vs2022\debug\ucmc_educationkit.sbr
f:\5.study(강좌)\03.제어공학-고경철\제어공학[13-1] pid제어 모델vs실험\ucmc_educationkit_v2.0-vs2022\debug\mmtm.sbr
f:\5.study(강좌)\03.제어공학-고경철\제어공학[13-1] pid제어 모델vs실험\ucmc_educationkit_v2.0-vs2022\debug\graphdlg.sbr
f:\5.study(강좌)\03.제어공학-고경철\제어공학[13-1] pid제어 모델vs실험\ucmc_educationkit_v2.0-vs2022\debug\devservomotor_ucmc_uart.sbr
f:\5.study(강좌)\03.제어공학-고경철\제어공학[13-1] pid제어 모델vs실험\ucmc_educationkit_v2.0-vs2022\debug\devbusuart_rs232.sbr
f:\5.study(강좌)\03.제어공학-고경철\제어공학[13-1] pid제어 모델vs실험\ucmc_educationkit_v2.0-vs2022\debug\devbusuart_rs232.obj
f:\5.study(강좌)\03.제어공학-고경철\제어공학[13-1] pid제어 모델vs실험\ucmc_educationkit_v2.0-vs2022\debug\devservomotor_ucmc_uart.obj
f:\5.study(강좌)\03.제어공학-고경철\제어공학[13-1] pid제어 모델vs실험\ucmc_educationkit_v2.0-vs2022\debug\graphdlg.obj
f:\5.study(강좌)\03.제어공학-고경철\제어공학[13-1] pid제어 모델vs실험\ucmc_educationkit_v2.0-vs2022\debug\mmtm.obj
f:\5.study(강좌)\03.제어공학-고경철\제어공학[13-1] pid제어 모델vs실험\ucmc_educationkit_v2.0-vs2022\debug\ucmc_educationkit.obj
f:\5.study(강좌)\03.제어공학-고경철\제어공학[13-1] pid제어 모델vs실험\ucmc_educationkit_v2.0-vs2022\debug\ucmc_educationkitdlg.obj
f:\5.study(강좌)\03.제어공학-고경철\제어공학[13-1] pid제어 모델vs실험\ucmc_educationkit_v2.0-vs2022\debug\ucmc_educationkit.res
f:\5.study(강좌)\03.제어공학-고경철\제어공학[13-1] pid제어 모델vs실험\ucmc_educationkit_v2.0-vs2022\debug\ucmc_educationkit.ilk
f:\5.study(강좌)\03.제어공학-고경철\제어공학[13-1] pid제어 모델vs실험\ucmc_educationkit_v2.0-vs2022\debug\ucmc_educationkit.exe
f:\5.study(강좌)\03.제어공학-고경철\제어공학[13-1] pid제어 모델vs실험\ucmc_educationkit_v2.0-vs2022\debug\ucmc_educationkit.pdb
f:\5.study(강좌)\03.제어공학-고경철\제어공학[13-1] pid제어 모델vs실험\ucmc_educationkit_v2.0-vs2022\debug\ucmc_educationkit.bsc
f:\5.study(강좌)\03.제어공학-고경철\제어공학[13-1] pid제어 모델vs실험\ucmc_educationkit_v2.0-vs2022\debug\ucmc_edu.f43247be.tlog\cl.read.1.tlog
f:\5.study(강좌)\03.제어공학-고경철\제어공학[13-1] pid제어 모델vs실험\ucmc_educationkit_v2.0-vs2022\debug\ucmc_edu.f43247be.tlog\cl.write.1.tlog
f:\5.study(강좌)\03.제어공학-고경철\제어공학[13-1] pid제어 모델vs실험\ucmc_educationkit_v2.0-vs2022\debug\ucmc_edu.f43247be.tlog\cl.command.1.tlog
f:\5.study(강좌)\03.제어공학-고경철\제어공학[13-1] pid제어 모델vs실험\ucmc_educationkit_v2.0-vs2022\debug\ucmc_edu.f43247be.tlog\rc.read.1.tlog
f:\5.study(강좌)\03.제어공학-고경철\제어공학[13-1] pid제어 모델vs실험\ucmc_educationkit_v2.0-vs2022\debug\ucmc_edu.f43247be.tlog\rc.write.1.tlog
f:\5.study(강좌)\03.제어공학-고경철\제어공학[13-1] pid제어 모델vs실험\ucmc_educationkit_v2.0-vs2022\debug\ucmc_edu.f43247be.tlog\rc.command.1.tlog
f:\5.study(강좌)\03.제어공학-고경철\제어공학[13-1] pid제어 모델vs실험\ucmc_educationkit_v2.0-vs2022\debug\ucmc_edu.f43247be.tlog\link.read.1.tlog
f:\5.study(강좌)\03.제어공학-고경철\제어공학[13-1] pid제어 모델vs실험\ucmc_educationkit_v2.0-vs2022\debug\ucmc_edu.f43247be.tlog\link.write.1.tlog
f:\5.study(강좌)\03.제어공학-고경철\제어공학[13-1] pid제어 모델vs실험\ucmc_educationkit_v2.0-vs2022\debug\ucmc_edu.f43247be.tlog\link.command.1.tlog
f:\5.study(강좌)\03.제어공학-고경철\제어공학[13-1] pid제어 모델vs실험\ucmc_educationkit_v2.0-vs2022\debug\ucmc_edu.f43247be.tlog\bscmake.read.1.tlog
f:\5.study(강좌)\03.제어공학-고경철\제어공학[13-1] pid제어 모델vs실험\ucmc_educationkit_v2.0-vs2022\debug\ucmc_edu.f43247be.tlog\bscmake.write.1.tlog
f:\5.study(강좌)\03.제어공학-고경철\제어공학[13-1] pid제어 모델vs실험\ucmc_educationkit_v2.0-vs2022\debug\ucmc_edu.f43247be.tlog\bscmake.command.1.tlog
